<?xml version="1.0" encoding="UTF-8"?><testsuite errors="1" failures="0" name="Portal empleos choucair" skipped="0" tests="1" time="14.72" timestamp="2021-06-04 09:41:50"><testcase name="Busqueda exitosa empleo choucair"><error message="element click intercepted: Element &lt;span class=&quot;elementor-button-text&quot;&gt;...&lt;/span&gt; is not clickable at point (674, 604). Other element would receive the click: &lt;div id=&quot;cookie-law-info-bar&quot; data-nosnippet=&quot;true&quot; style=&quot;background-color: rgb(255, 255, 255); color: rgb(0, 0, 0); font-family: inherit; bottom: 0px; position: fixed; display: block;&quot;&gt;...&lt;/div&gt;&#10;  (Session info: chrome=90.0.4430.212)&#10;Build info: version: '3.141.59', revision: 'e82be7d358', time: '2018-11-14T08:17:03'&#10;System info: host: 'DESKTOP-S2IR0CO', ip: '192.168.20.20', os.name: 'Windows 10', os.arch: 'amd64', os.version: '10.0', java.version: '1.8.0_282'&#10;Driver info: org.openqa.selenium.chrome.ChromeDriver&#10;Capabilities {acceptInsecureCerts: false, browserName: chrome, browserVersion: 90.0.4430.212, chrome: {chromedriverVersion: 90.0.4430.24 (4c6d850f087da..., userDataDir: C:\Users\VERGAR~1\AppData\L...}, goog:chromeOptions: {debuggerAddress: localhost:56134}, javascriptEnabled: true, networkConnectionEnabled: false, pageLoadStrategy: normal, platform: WINDOWS, platformName: WINDOWS, proxy: Proxy(), setWindowRect: true, strictFileInteractability: false, timeouts: {implicit: 0, pageLoad: 300000, script: 30000}, unhandledPromptBehavior: dismiss and notify, webauthn:extension:largeBlob: true, webauthn:virtualAuthenticators: true}&#10;Session ID: 8f409963b6cf27c0bf1bc2b22d22be22" type="org.openqa.selenium.ElementClickInterceptedException">element click intercepted: Element &lt;span class="elementor-button-text"&gt;...&lt;/span&gt; is not clickable at point (674, 604). Other element would receive the click: &lt;div id="cookie-law-info-bar" data-nosnippet="true" style="background-color: rgb(255, 255, 255); color: rgb(0, 0, 0); font-family: inherit; bottom: 0px; position: fixed; display: block;"&gt;...&lt;/div&gt;
  (Session info: chrome=90.0.4430.212)
Build info: version: '3.141.59', revision: 'e82be7d358', time: '2018-11-14T08:17:03'
System info: host: 'DESKTOP-S2IR0CO', ip: '192.168.20.20', os.name: 'Windows 10', os.arch: 'amd64', os.version: '10.0', java.version: '1.8.0_282'
Driver info: org.openqa.selenium.chrome.ChromeDriver
Capabilities {acceptInsecureCerts: false, browserName: chrome, browserVersion: 90.0.4430.212, chrome: {chromedriverVersion: 90.0.4430.24 (4c6d850f087da..., userDataDir: C:\Users\VERGAR~1\AppData\L...}, goog:chromeOptions: {debuggerAddress: localhost:56134}, javascriptEnabled: true, networkConnectionEnabled: false, pageLoadStrategy: normal, platform: WINDOWS, platformName: WINDOWS, proxy: Proxy(), setWindowRect: true, strictFileInteractability: false, timeouts: {implicit: 0, pageLoad: 300000, script: 30000}, unhandledPromptBehavior: dismiss and notify, webauthn:extension:largeBlob: true, webauthn:virtualAuthenticators: true}
Session ID: 8f409963b6cf27c0bf1bc2b22d22be22</error><system-err>element click intercepted: Element &lt;span class="elementor-button-text"&gt;...&lt;/span&gt; is not clickable at point (674, 604). Other element would receive the click: &lt;div id="cookie-law-info-bar" data-nosnippet="true" style="background-color: rgb(255, 255, 255); color: rgb(0, 0, 0); font-family: inherit; bottom: 0px; position: fixed; display: block;"&gt;...&lt;/div&gt;
  (Session info: chrome=90.0.4430.212)
Build info: version: '3.141.59', revision: 'e82be7d358', time: '2018-11-14T08:17:03'
System info: host: 'DESKTOP-S2IR0CO', ip: '192.168.20.20', os.name: 'Windows 10', os.arch: 'amd64', os.version: '10.0', java.version: '1.8.0_282'
Driver info: org.openqa.selenium.chrome.ChromeDriver
Capabilities {acceptInsecureCerts: false, browserName: chrome, browserVersion: 90.0.4430.212, chrome: {chromedriverVersion: 90.0.4430.24 (4c6d850f087da..., userDataDir: C:\Users\VERGAR~1\AppData\L...}, goog:chromeOptions: {debuggerAddress: localhost:56134}, javascriptEnabled: true, networkConnectionEnabled: false, pageLoadStrategy: normal, platform: WINDOWS, platformName: WINDOWS, proxy: Proxy(), setWindowRect: true, strictFileInteractability: false, timeouts: {implicit: 0, pageLoad: 300000, script: 30000}, unhandledPromptBehavior: dismiss and notify, webauthn:extension:largeBlob: true, webauthn:virtualAuthenticators: true}
Session ID: 8f409963b6cf27c0bf1bc2b22d22be22&#13;
co.com.proyectobase.screenplay.tasks.IrAlPortaDeEmPleos.performAs(IrAlPortaDeEmPleos.java:18)&#13;
co.com.proyectobase.screenplay.stepdefinitions.BuscarEmpleoChocairStepDefinition.ellaVaALaOpcionIrAlPortalDeEmpleos(BuscarEmpleoChocairStepDefinition.java:31)&#13;
cucumber.runner.Runner.runPickle(Runner.java:80)&#13;
</system-err></testcase></testsuite>